<?xml version="1.0" encoding="UTF-8"?>
<!-- Generated by org.testng.reporters.JUnitReportReporter -->
<testsuite skipped="0" hostname="DESKTOP-7ISONQV" name="testingpages.SearchFeatureTesting" tests="2" failures="0" timestamp="2022-05-18T18:01:33 EDT" time="29.705" errors="0">
  <testcase name="test2" time="24.062" classname="testingpages.SearchFeatureTesting"/>
  <system-out/>
  <testcase name="test1" time="5.643" classname="testingpages.SearchFeatureTesting"/>
  <system-out/>
</testsuite> <!-- testingpages.SearchFeatureTesting -->
